The HCMV genome (NC_006273.2) has 169 CDS.

sample	condition	min_tpm	med_tpm	mean_tpm	max_tpm
SRR5660030	2dpi	0.0	1877.01	5917.1601786982255	76933.3
SRR5660033	6dpi	0.0	1980.99	5917.1598857988165	177497.0
SRR5660044	2dpi	0.0	1906.83	5917.161822485207	222794.0
SRR5660045	6dpi	0.0	1087.21	5917.163998816567	400458.0

target_id	test_stat	pval	qval
UL82	15.1750091146908	9.79917503283282e-05	0.0084387025267794
UL100	15.0240956201574	0.0001061472015947	0.0084387025267794
UL111A	14.0540972921231	0.0001776264197341	0.009414200245909
UL105	12.4645968738592	0.0004147380177949	0.0164858362073496
UL139	11.8647788649835	0.0005720556242442	0.0176792338441277
UL30	11.5786295705337	0.0006671408997784	0.0176792338441277
UL142	11.0341336172115	0.0008944947027973	0.0187513423833172
UL73	10.8637485389882	0.0009806499669533	0.0187513423833172
UL140	10.7172784792717	0.0010613967386783	0.0187513423833172
UL31	10.1902532911922	0.00141184920557	0.0224484023685635
UL74	9.38698944830454	0.002185307742694	0.0315876300989418
UL122	8.95379624341165	0.0027689357988099	0.0366883993342319
US29	8.63833909987806	0.0032916137824499	0.0402589685699651
US15	8.39486730593993	0.0037628197924088	0.042734881928072
UL72	8.25355850280305	0.0040672191789408	0.0431125232967731
UL85	8.03338764990763	0.0045922869895229	0.0456358519583844
US16	7.86874282184583	0.0050296609393083	0.0470421229029432
US10	7.68055224934831	0.0055819083413545	0.0493068570152982

sacc	pident	length	qstart	qend	sstart	send	bitscore	evalue	stitle
NC_006273.2	100.0	506	31	536	120377	118860	960.0	0.0	NC_006273.2 Human herpesvirus 5 strain Merlin, complete genome
NC_003521.1	66.798	509	31	536	120369	118858	618.0	0.0	NC_003521.1 Panine herpesvirus 2 strain Heberling, complete genome
NC_012783.2	42.197	519	31	536	108362	106854	370.0	7.57e-114	NC_012783.2 Cercopithecine herpesvirus 5 strain 2715, complete genome
NC_006150.1	41.538	520	31	536	109344	107833	364.0	1.1e-111	NC_006150.1 Macacine herpesvirus 3, complete genome
NC_016154.1	42.226	521	31	536	103078	101564	353.0	5.1e-108	NC_016154.1 Cynomolgus macaque cytomegalovirus strain Ottawa, complete genome
NC_033176.1	42.035	521	31	536	108063	106549	351.0	2.78e-107	NC_033176.1 Cynomolgus cytomegalovirus isolate 31908, complete genome
NC_027016.1	41.188	505	31	529	116840	118294	342.0	2.86e-104	NC_027016.1 Papio ursinus cytomegalovirus isolate OCOM4-52, complete genome
NC_055235.1	40.476	504	31	529	106077	107528	340.0	1.58e-103	NC_055235.1 Papiine betaherpesvirus 3, complete genome, *** SEQUENCING IN PROGRESS ***, 22 unordered pieces
NC_075417.1	41.038	424	118	536	115748	116977	284.0	5.3e-88	NC_075417.1 Mandrillus leucophaeus cytomegalovirus isolate OCOM6-2, complete genome
NC_016448.1	42.298	383	34	408	96231	95101	290.0	4.55e-86	NC_016448.1 Saimiriine herpesvirus 4 strain SqSHV, complete genome
